<?xml version="1.0" encoding="UTF-8"?>
<testng-results skipped="0" failed="0" total="1" passed="1">
  <reporter-output>
  </reporter-output>
  <suite name="Default suite" duration-ms="22698" started-at="2022-04-10T10:13:26Z" finished-at="2022-04-10T10:13:48Z">
    <groups>
    </groups>
    <test name="Default test" duration-ms="22698" started-at="2022-04-10T10:13:26Z" finished-at="2022-04-10T10:13:48Z">
      <class name="testpackage.MavenEdureka">
        <test-method status="PASS" signature="beforeTest()[pri:0, instance:testpackage.MavenEdureka@66a3ffec]" name="beforeTest" is-config="true" duration-ms="28" started-at="2022-04-10T15:43:26Z" finished-at="2022-04-10T15:43:26Z">
          <reporter-output>
          </reporter-output>
        </test-method> <!-- beforeTest -->
        <test-method status="PASS" signature="test()[pri:0, instance:testpackage.MavenEdureka@66a3ffec]" name="test" duration-ms="19576" started-at="2022-04-10T15:43:26Z" finished-at="2022-04-10T15:43:45Z">
          <reporter-output>
          </reporter-output>
        </test-method> <!-- test -->
        <test-method status="PASS" signature="afterTest()[pri:0, instance:testpackage.MavenEdureka@66a3ffec]" name="afterTest" is-config="true" duration-ms="3047" started-at="2022-04-10T15:43:45Z" finished-at="2022-04-10T15:43:48Z">
          <reporter-output>
          </reporter-output>
        </test-method> <!-- afterTest -->
      </class> <!-- testpackage.MavenEdureka -->
    </test> <!-- Default test -->
  </suite> <!-- Default suite -->
</testng-results>
